Copyright 1986-2020 Xilinx, Inc. All Rights Reserved.
-----------------------------------------------------------------------------------------------------------------------------------------------
| Tool Version : Vivado v.2020.2 (win64) Build 3064766 Wed Nov 18 09:12:45 MST 2020
| Date         : Mon Jun 21 20:44:17 2021
| Host         : LAPTOP-TCM18FR1 running 64-bit major release  (build 9200)
| Command      : report_methodology -file top_methodology_drc_routed.rpt -pb top_methodology_drc_routed.pb -rpx top_methodology_drc_routed.rpx
| Design       : top
| Device       : xc7z020clg400-1
| Speed File   : -1
| Design State : Fully Routed
-----------------------------------------------------------------------------------------------------------------------------------------------

Report Methodology

Table of Contents
-----------------
1. REPORT SUMMARY
2. REPORT DETAILS

1. REPORT SUMMARY
-----------------
            Netlist: netlist
          Floorplan: design_1
      Design limits: <entire design considered>
             Max violations: <unlimited>
             Violations found: 55
+-----------+------------------+----------------------------------+------------+
| Rule      | Severity         | Description                      | Violations |
+-----------+------------------+----------------------------------+------------+
| TIMING-17 | Critical Warning | Non-clocked sequential cell      | 41         |
| HPDR-1    | Warning          | Port pin direction inconsistency | 1          |
| TIMING-18 | Warning          | Missing input or output delay    | 8          |
| TIMING-20 | Warning          | Non-clocked latch                | 5          |
+-----------+------------------+----------------------------------+------------+

2. REPORT DETAILS
-----------------
TIMING-17#1 Critical Warning
Non-clocked sequential cell  
The clock pin design_1_i/display_demo_dvi_0/inst/gfx_inst/sprite_compositor_0/sprite_x_flip_reg/C is not reached by a timing clock
Related violations: <none>

TIMING-17#2 Critical Warning
Non-clocked sequential cell  
The clock pin design_1_i/display_demo_dvi_0/inst/gfx_inst/sprite_compositor_0/sprite_x_reg[0]/C is not reached by a timing clock
Related violations: <none>

TIMING-17#3 Critical Warning
Non-clocked sequential cell  
The clock pin design_1_i/display_demo_dvi_0/inst/gfx_inst/sprite_compositor_0/sprite_x_reg[10]/C is not reached by a timing clock
Related violations: <none>

TIMING-17#4 Critical Warning
Non-clocked sequential cell  
The clock pin design_1_i/display_demo_dvi_0/inst/gfx_inst/sprite_compositor_0/sprite_x_reg[11]/C is not reached by a timing clock
Related violations: <none>

TIMING-17#5 Critical Warning
Non-clocked sequential cell  
The clock pin design_1_i/display_demo_dvi_0/inst/gfx_inst/sprite_compositor_0/sprite_x_reg[12]/C is not reached by a timing clock
Related violations: <none>

TIMING-17#6 Critical Warning
Non-clocked sequential cell  
The clock pin design_1_i/display_demo_dvi_0/inst/gfx_inst/sprite_compositor_0/sprite_x_reg[13]/C is not reached by a timing clock
Related violations: <none>

TIMING-17#7 Critical Warning
Non-clocked sequential cell  
The clock pin design_1_i/display_demo_dvi_0/inst/gfx_inst/sprite_compositor_0/sprite_x_reg[14]/C is not reached by a timing clock
Related violations: <none>

TIMING-17#8 Critical Warning
Non-clocked sequential cell  
The clock pin design_1_i/display_demo_dvi_0/inst/gfx_inst/sprite_compositor_0/sprite_x_reg[15]/C is not reached by a timing clock
Related violations: <none>

TIMING-17#9 Critical Warning
Non-clocked sequential cell  
The clock pin design_1_i/display_demo_dvi_0/inst/gfx_inst/sprite_compositor_0/sprite_x_reg[1]/C is not reached by a timing clock
Related violations: <none>

TIMING-17#10 Critical Warning
Non-clocked sequential cell  
The clock pin design_1_i/display_demo_dvi_0/inst/gfx_inst/sprite_compositor_0/sprite_x_reg[2]/C is not reached by a timing clock
Related violations: <none>

TIMING-17#11 Critical Warning
Non-clocked sequential cell  
The clock pin design_1_i/display_demo_dvi_0/inst/gfx_inst/sprite_compositor_0/sprite_x_reg[3]/C is not reached by a timing clock
Related violations: <none>

TIMING-17#12 Critical Warning
Non-clocked sequential cell  
The clock pin design_1_i/display_demo_dvi_0/inst/gfx_inst/sprite_compositor_0/sprite_x_reg[4]/C is not reached by a timing clock
Related violations: <none>

TIMING-17#13 Critical Warning
Non-clocked sequential cell  
The clock pin design_1_i/display_demo_dvi_0/inst/gfx_inst/sprite_compositor_0/sprite_x_reg[5]/C is not reached by a timing clock
Related violations: <none>

TIMING-17#14 Critical Warning
Non-clocked sequential cell  
The clock pin design_1_i/display_demo_dvi_0/inst/gfx_inst/sprite_compositor_0/sprite_x_reg[6]/C is not reached by a timing clock
Related violations: <none>

TIMING-17#15 Critical Warning
Non-clocked sequential cell  
The clock pin design_1_i/display_demo_dvi_0/inst/gfx_inst/sprite_compositor_0/sprite_x_reg[7]/C is not reached by a timing clock
Related violations: <none>

TIMING-17#16 Critical Warning
Non-clocked sequential cell  
The clock pin design_1_i/display_demo_dvi_0/inst/gfx_inst/sprite_compositor_0/sprite_x_reg[8]/C is not reached by a timing clock
Related violations: <none>

TIMING-17#17 Critical Warning
Non-clocked sequential cell  
The clock pin design_1_i/display_demo_dvi_0/inst/gfx_inst/sprite_compositor_0/sprite_x_reg[9]/C is not reached by a timing clock
Related violations: <none>

TIMING-17#18 Critical Warning
Non-clocked sequential cell  
The clock pin design_1_i/display_demo_dvi_0/inst/gfx_inst/sprite_compositor_0/sprite_y_flip_reg/C is not reached by a timing clock
Related violations: <none>

TIMING-17#19 Critical Warning
Non-clocked sequential cell  
The clock pin design_1_i/display_demo_dvi_0/inst/gfx_inst/sprite_compositor_0/sprite_y_reg[0]/C is not reached by a timing clock
Related violations: <none>

TIMING-17#20 Critical Warning
Non-clocked sequential cell  
The clock pin design_1_i/display_demo_dvi_0/inst/gfx_inst/sprite_compositor_0/sprite_y_reg[10]/C is not reached by a timing clock
Related violations: <none>

TIMING-17#21 Critical Warning
Non-clocked sequential cell  
The clock pin design_1_i/display_demo_dvi_0/inst/gfx_inst/sprite_compositor_0/sprite_y_reg[11]/C is not reached by a timing clock
Related violations: <none>

TIMING-17#22 Critical Warning
Non-clocked sequential cell  
The clock pin design_1_i/display_demo_dvi_0/inst/gfx_inst/sprite_compositor_0/sprite_y_reg[12]/C is not reached by a timing clock
Related violations: <none>

TIMING-17#23 Critical Warning
Non-clocked sequential cell  
The clock pin design_1_i/display_demo_dvi_0/inst/gfx_inst/sprite_compositor_0/sprite_y_reg[13]/C is not reached by a timing clock
Related violations: <none>

TIMING-17#24 Critical Warning
Non-clocked sequential cell  
The clock pin design_1_i/display_demo_dvi_0/inst/gfx_inst/sprite_compositor_0/sprite_y_reg[14]/C is not reached by a timing clock
Related violations: <none>

TIMING-17#25 Critical Warning
Non-clocked sequential cell  
The clock pin design_1_i/display_demo_dvi_0/inst/gfx_inst/sprite_compositor_0/sprite_y_reg[15]/C is not reached by a timing clock
Related violations: <none>

TIMING-17#26 Critical Warning
Non-clocked sequential cell  
The clock pin design_1_i/display_demo_dvi_0/inst/gfx_inst/sprite_compositor_0/sprite_y_reg[1]/C is not reached by a timing clock
Related violations: <none>

TIMING-17#27 Critical Warning
Non-clocked sequential cell  
The clock pin design_1_i/display_demo_dvi_0/inst/gfx_inst/sprite_compositor_0/sprite_y_reg[2]/C is not reached by a timing clock
Related violations: <none>

TIMING-17#28 Critical Warning
Non-clocked sequential cell  
The clock pin design_1_i/display_demo_dvi_0/inst/gfx_inst/sprite_compositor_0/sprite_y_reg[3]/C is not reached by a timing clock
Related violations: <none>

TIMING-17#29 Critical Warning
Non-clocked sequential cell  
The clock pin design_1_i/display_demo_dvi_0/inst/gfx_inst/sprite_compositor_0/sprite_y_reg[4]/C is not reached by a timing clock
Related violations: <none>

TIMING-17#30 Critical Warning
Non-clocked sequential cell  
The clock pin design_1_i/display_demo_dvi_0/inst/gfx_inst/sprite_compositor_0/sprite_y_reg[5]/C is not reached by a timing clock
Related violations: <none>

TIMING-17#31 Critical Warning
Non-clocked sequential cell  
The clock pin design_1_i/display_demo_dvi_0/inst/gfx_inst/sprite_compositor_0/sprite_y_reg[6]/C is not reached by a timing clock
Related violations: <none>

TIMING-17#32 Critical Warning
Non-clocked sequential cell  
The clock pin design_1_i/display_demo_dvi_0/inst/gfx_inst/sprite_compositor_0/sprite_y_reg[7]/C is not reached by a timing clock
Related violations: <none>

TIMING-17#33 Critical Warning
Non-clocked sequential cell  
The clock pin design_1_i/display_demo_dvi_0/inst/gfx_inst/sprite_compositor_0/sprite_y_reg[8]/C is not reached by a timing clock
Related violations: <none>

TIMING-17#34 Critical Warning
Non-clocked sequential cell  
The clock pin design_1_i/display_demo_dvi_0/inst/gfx_inst/sprite_compositor_0/sprite_y_reg[9]/C is not reached by a timing clock
Related violations: <none>

TIMING-17#35 Critical Warning
Non-clocked sequential cell  
The clock pin design_1_i/display_demo_dvi_0/inst/gfx_inst/sprite_compositor_1/sprite_y_reg[3]/C is not reached by a timing clock
Related violations: <none>

TIMING-17#36 Critical Warning
Non-clocked sequential cell  
The clock pin design_1_i/display_demo_dvi_0/inst/gfx_inst/sprite_compositor_1/sprite_y_reg[3]_rep/C is not reached by a timing clock
Related violations: <none>

TIMING-17#37 Critical Warning
Non-clocked sequential cell  
The clock pin design_1_i/display_demo_dvi_0/inst/gfx_inst/sprite_compositor_1/sprite_y_reg[3]_rep__0/C is not reached by a timing clock
Related violations: <none>

TIMING-17#38 Critical Warning
Non-clocked sequential cell  
The clock pin design_1_i/display_demo_dvi_0/inst/gfx_inst/sprite_compositor_1/sprite_y_reg[3]_rep__1/C is not reached by a timing clock
Related violations: <none>

TIMING-17#39 Critical Warning
Non-clocked sequential cell  
The clock pin design_1_i/display_demo_dvi_0/inst/gfx_inst/sprite_compositor_1/sprite_y_reg[3]_rep__2/C is not reached by a timing clock
Related violations: <none>

TIMING-17#40 Critical Warning
Non-clocked sequential cell  
The clock pin design_1_i/display_demo_dvi_0/inst/gfx_inst/sprite_compositor_1/sprite_y_reg[3]_rep__3/C is not reached by a timing clock
Related violations: <none>

TIMING-17#41 Critical Warning
Non-clocked sequential cell  
The clock pin design_1_i/display_demo_dvi_0/inst/gfx_inst/sprite_compositor_1/sprite_y_reg[3]_rep__4/C is not reached by a timing clock
Related violations: <none>

HPDR-1#1 Warning
Port pin direction inconsistency  
Hierarchical port(pin) hdmi_tx_rscl direction INOUT is not consistent with the directions of the cell pins/ports found at that level of the netlist hierarchy. Please review the design and consider changing the port(pin) direction. Both drivers and loads were expected for the net (hdmi_tx_rscl) connected to this Port, but both were not found.
Related violations: <none>

TIMING-18#1 Warning
Missing input or output delay  
An input delay is missing on miso relative to clock(s) clk_fpga_0
Related violations: <none>

TIMING-18#2 Warning
Missing input or output delay  
An output delay is missing on Irclk relative to clock(s) clk_fpga_0
Related violations: <none>

TIMING-18#3 Warning
Missing input or output delay  
An output delay is missing on bclk relative to clock(s) clk_fpga_0
Related violations: <none>

TIMING-18#4 Warning
Missing input or output delay  
An output delay is missing on mclk relative to clock(s) clk_fpga_0
Related violations: <none>

TIMING-18#5 Warning
Missing input or output delay  
An output delay is missing on mosi relative to clock(s) clk_fpga_0
Related violations: <none>

TIMING-18#6 Warning
Missing input or output delay  
An output delay is missing on sclk relative to clock(s) clk_fpga_0
Related violations: <none>

TIMING-18#7 Warning
Missing input or output delay  
An output delay is missing on sdata relative to clock(s) clk_fpga_0
Related violations: <none>

TIMING-18#8 Warning
Missing input or output delay  
An output delay is missing on ss relative to clock(s) clk_fpga_0
Related violations: <none>

TIMING-20#1 Warning
Non-clocked latch  
The latch design_1_i/display_demo_dvi_0/inst/gfx_inst/Eat_0_reg cannot be properly analyzed as its control pin design_1_i/display_demo_dvi_0/inst/gfx_inst/Eat_0_reg/G is not reached by a timing clock
Related violations: <none>

TIMING-20#2 Warning
Non-clocked latch  
The latch design_1_i/display_demo_dvi_0/inst/gfx_inst/Eat_1_reg cannot be properly analyzed as its control pin design_1_i/display_demo_dvi_0/inst/gfx_inst/Eat_1_reg/G is not reached by a timing clock
Related violations: <none>

TIMING-20#3 Warning
Non-clocked latch  
The latch design_1_i/display_demo_dvi_0/inst/gfx_inst/Eat_2_reg cannot be properly analyzed as its control pin design_1_i/display_demo_dvi_0/inst/gfx_inst/Eat_2_reg/G is not reached by a timing clock
Related violations: <none>

TIMING-20#4 Warning
Non-clocked latch  
The latch design_1_i/display_demo_dvi_0/inst/gfx_inst/Eat_3_reg cannot be properly analyzed as its control pin design_1_i/display_demo_dvi_0/inst/gfx_inst/Eat_3_reg/G is not reached by a timing clock
Related violations: <none>

TIMING-20#5 Warning
Non-clocked latch  
The latch design_1_i/display_demo_dvi_0/inst/gfx_inst/Eat_reg cannot be properly analyzed as its control pin design_1_i/display_demo_dvi_0/inst/gfx_inst/Eat_reg/G is not reached by a timing clock
Related violations: <none>


